android/app/build/intermediates/manifest_merge_blame_file/debug/manifest-merger-blame-debug-report.txt
1<?xml version="1.0" encoding="utf-8"?>
2<manifest xmlns:android="http://schemas.android.com/apk/res/android"
3    package="com.ps23411_asm_mob306"
4    android:versionCode="1"
5    android:versionName="1.0" >
6
7    <uses-sdk
8        android:minSdkVersion="21"
9        android:targetSdkVersion="31" />
10
11    <uses-permission android:name="android.permission.SYSTEM_ALERT_WINDOW" />
11-->src\debug\AndroidManifest.xml:5:5-77
11-->src\debug\AndroidManifest.xml:5:22-75
12    <uses-permission android:name="android.permission.INTERNET" />
12-->src\main\AndroidManifest.xml:4:5-67
12-->src\main\AndroidManifest.xml:4:22-64
13    <uses-permission android:name="android.permission.CAMERA" />
13-->src\main\AndroidManifest.xml:5:5-64
13-->src\main\AndroidManifest.xml:5:22-62
14    <uses-permission android:name="android.permission.WRITE_EXTERNAL_STORAGE" />
14-->src\main\AndroidManifest.xml:6:5-80
14-->src\main\AndroidManifest.xml:6:22-78
15    <uses-permission android:name="android.permission.ACCESS_WIFI_STATE" /> <!-- Required to access Google Play Licensing -->
15-->[com.facebook.flipper:flipper:0.125.0] AndroidManifest.xml:16:5-76
15-->[com.facebook.flipper:flipper:0.125.0] AndroidManifest.xml:16:22-73
16    <uses-permission android:name="com.android.vending.CHECK_LICENSE" />
16-->[:rn-fetch-blob] AndroidManifest.xml:10:5-73
16-->[:rn-fetch-blob] AndroidManifest.xml:10:22-70
17    <!--
18         Required to keep CPU alive while downloading files
19        (NOT to keep screen awake)
20    -->
21    <uses-permission android:name="android.permission.WAKE_LOCK" />
21-->[:rn-fetch-blob] AndroidManifest.xml:19:5-68
21-->[:rn-fetch-blob] AndroidManifest.xml:19:22-65
22    <!--
23         Required to poll the state of the network connection
24        and respond to changes
25    -->
26    <uses-permission android:name="android.permission.ACCESS_NETWORK_STATE" />
26-->[:rn-fetch-blob] AndroidManifest.xml:25:5-79
26-->[:rn-fetch-blob] AndroidManifest.xml:25:22-76
27
28    <application
28-->src\main\AndroidManifest.xml:9:5-28:19
29        android:name="com.ps23411_asm_mob306.MainApplication"
29-->src\main\AndroidManifest.xml:10:7-38
30        android:allowBackup="false"
30-->src\main\AndroidManifest.xml:14:7-34
31        android:appComponentFactory="androidx.core.app.CoreComponentFactory"
31-->[androidx.core:core:1.7.0] AndroidManifest.xml:24:18-86
32        android:debuggable="true"
33        android:icon="@mipmap/ic_launcher"
33-->src\main\AndroidManifest.xml:12:7-41
34        android:label="@string/app_name"
34-->src\main\AndroidManifest.xml:11:7-39
35        android:roundIcon="@mipmap/ic_launcher_round"
35-->src\main\AndroidManifest.xml:13:7-52
36        android:theme="@style/AppTheme"
36-->src\main\AndroidManifest.xml:15:7-38
37        android:usesCleartextTraffic="true" >
37-->src\debug\AndroidManifest.xml:8:9-44
38        <activity
38-->src\debug\AndroidManifest.xml:11:9-111
39            android:name="com.facebook.react.devsupport.DevSettingsActivity"
39-->src\debug\AndroidManifest.xml:11:19-83
40            android:exported="false" />
40-->src\debug\AndroidManifest.xml:11:84-108
41        <activity
41-->src\main\AndroidManifest.xml:16:7-27:18
42            android:name="com.ps23411_asm_mob306.MainActivity"
42-->src\main\AndroidManifest.xml:17:9-37
43            android:configChanges="keyboard|keyboardHidden|orientation|screenLayout|screenSize|smallestScreenSize|uiMode"
43-->src\main\AndroidManifest.xml:19:9-118
44            android:exported="true"
44-->src\main\AndroidManifest.xml:22:9-32
45            android:label="@string/app_name"
45-->src\main\AndroidManifest.xml:18:9-41
46            android:launchMode="singleTask"
46-->src\main\AndroidManifest.xml:20:9-40
47            android:windowSoftInputMode="adjustResize" >
47-->src\main\AndroidManifest.xml:21:9-51
48            <intent-filter>
48-->src\main\AndroidManifest.xml:23:9-26:25
49                <action android:name="android.intent.action.MAIN" />
49-->src\main\AndroidManifest.xml:24:13-65
49-->src\main\AndroidManifest.xml:24:21-62
50
51                <category android:name="android.intent.category.LAUNCHER" />
51-->src\main\AndroidManifest.xml:25:13-73
51-->src\main\AndroidManifest.xml:25:23-70
52            </intent-filter>
53        </activity>
54
55        <provider
55-->[:react-native-image-picker] AndroidManifest.xml:10:9-18:20
56            android:name="com.imagepicker.ImagePickerProvider"
56-->[:react-native-image-picker] AndroidManifest.xml:11:13-63
57            android:authorities="com.ps23411_asm_mob306.imagepickerprovider"
57-->[:react-native-image-picker] AndroidManifest.xml:12:13-71
58            android:exported="false"
58-->[:react-native-image-picker] AndroidManifest.xml:13:13-37
59            android:grantUriPermissions="true" >
59-->[:react-native-image-picker] AndroidManifest.xml:14:13-47
60            <meta-data
60-->[:react-native-image-picker] AndroidManifest.xml:15:13-17:70
61                android:name="android.support.FILE_PROVIDER_PATHS"
61-->[:react-native-image-picker] AndroidManifest.xml:16:17-67
62                android:resource="@xml/imagepicker_provider_paths" />
62-->[:react-native-image-picker] AndroidManifest.xml:17:17-67
63        </provider>
64        <provider
64-->[:react-native-share] AndroidManifest.xml:10:9-18:20
65            android:name="cl.json.RNShareFileProvider"
65-->[:react-native-share] AndroidManifest.xml:11:13-55
66            android:authorities="com.ps23411_asm_mob306.rnshare.fileprovider"
66-->[:react-native-share] AndroidManifest.xml:12:13-72
67            android:exported="false"
67-->[:react-native-share] AndroidManifest.xml:13:13-37
68            android:grantUriPermissions="true" >
68-->[:react-native-share] AndroidManifest.xml:14:13-47
69            <meta-data
69-->[:react-native-image-picker] AndroidManifest.xml:15:13-17:70
70                android:name="android.support.FILE_PROVIDER_PATHS"
70-->[:react-native-image-picker] AndroidManifest.xml:16:17-67
71                android:resource="@xml/share_download_paths" />
71-->[:react-native-image-picker] AndroidManifest.xml:17:17-67
72        </provider>
73        <provider
73-->[:rn-fetch-blob] AndroidManifest.xml:34:9-42:20
74            android:name="com.RNFetchBlob.Utils.FileProvider"
74-->[:rn-fetch-blob] AndroidManifest.xml:35:13-62
75            android:authorities="com.ps23411_asm_mob306.provider"
75-->[:rn-fetch-blob] AndroidManifest.xml:36:13-60
76            android:exported="false"
76-->[:rn-fetch-blob] AndroidManifest.xml:37:13-37
77            android:grantUriPermissions="true" >
77-->[:rn-fetch-blob] AndroidManifest.xml:38:13-47
78            <meta-data
78-->[:react-native-image-picker] AndroidManifest.xml:15:13-17:70
79                android:name="android.support.FILE_PROVIDER_PATHS"
79-->[:react-native-image-picker] AndroidManifest.xml:16:17-67
80                android:resource="@xml/provider_paths" />
80-->[:react-native-image-picker] AndroidManifest.xml:17:17-67
81        </provider>
82        <provider
82-->[androidx.emoji2:emoji2:1.0.0] AndroidManifest.xml:26:9-34:20
83            android:name="androidx.startup.InitializationProvider"
83-->[androidx.emoji2:emoji2:1.0.0] AndroidManifest.xml:27:13-67
84            android:authorities="com.ps23411_asm_mob306.androidx-startup"
84-->[androidx.emoji2:emoji2:1.0.0] AndroidManifest.xml:28:13-68
85            android:exported="false" >
85-->[androidx.emoji2:emoji2:1.0.0] AndroidManifest.xml:29:13-37
86            <meta-data
86-->[androidx.emoji2:emoji2:1.0.0] AndroidManifest.xml:31:13-33:52
87                android:name="androidx.emoji2.text.EmojiCompatInitializer"
87-->[androidx.emoji2:emoji2:1.0.0] AndroidManifest.xml:32:17-75
88                android:value="androidx.startup" />
88-->[androidx.emoji2:emoji2:1.0.0] AndroidManifest.xml:33:17-49
89            <meta-data
89-->[androidx.lifecycle:lifecycle-process:2.4.0] AndroidManifest.xml:31:13-33:52
90                android:name="androidx.lifecycle.ProcessLifecycleInitializer"
90-->[androidx.lifecycle:lifecycle-process:2.4.0] AndroidManifest.xml:32:17-78
91                android:value="androidx.startup" />
91-->[androidx.lifecycle:lifecycle-process:2.4.0] AndroidManifest.xml:33:17-49
92        </provider>
93    </application>
94
95</manifest>